<?xml version="1.0" encoding="UTF-8"?>
<!-- Generated by org.testng.reporters.JUnitReportReporter -->
<testsuite hostname="WIN-5CG7431DRQ" failures="0" tests="2" name="Siva_test.TestScenario_1" time="44.863" errors="0" timestamp="2024-03-01T17:49:31 IST" skipped="0">
  <testcase classname="Siva_test.TestScenario_1" name="TestScenario1" time="21.637"/>
  <system-out/>
  <testcase classname="Siva_test.TestScenario_1" name="TestScenario1" time="23.226"/>
  <system-out/>
</testsuite> <!-- Siva_test.TestScenario_1 -->
