<?xml version="1.0" encoding="UTF-8"?>
<!-- Generated by org.testng.reporters.JUnitReportReporter -->
<testsuite hostname="5CG7351PSV" failures="0" tests="2" name="Poola_test.TestScenario_1" time="31.914" errors="0" timestamp="2024-03-07T17:10:32 IST" skipped="0">
  <testcase classname="Poola_test.TestScenario_1" name="TestScenario1" time="17.039"/>
  <system-out/>
  <testcase classname="Poola_test.TestScenario_1" name="TestScenario1" time="14.875"/>
  <system-out/>
</testsuite> <!-- Poola_test.TestScenario_1 -->
