<?xml version="1.0" encoding="UTF-8"?>
<!-- Generated by org.testng.reporters.JUnitReportReporter -->
<testsuite hostname="WIN-5CG7431DRQ" failures="0" tests="2" name="Siva_test.TestScenario_2" time="48.332" errors="0" timestamp="2024-03-01T17:49:31 IST" skipped="0">
  <testcase classname="Siva_test.TestScenario_2" name="TestScenario2" time="27.398"/>
  <system-out/>
  <testcase classname="Siva_test.TestScenario_2" name="TestScenario2" time="20.934"/>
  <system-out/>
</testsuite> <!-- Siva_test.TestScenario_2 -->
