<?xml version="1.0" encoding="UTF-8"?>
<!-- Generated by org.testng.reporters.JUnitReportReporter -->
<testsuite hostname="5CG7351PSV" failures="0" tests="2" name="Poola_test.TestScenario_3" time="56.324" errors="0" timestamp="2024-03-07T17:10:32 IST" skipped="0">
  <testcase classname="Poola_test.TestScenario_3" name="TestScenario3" time="29.930"/>
  <system-out/>
  <testcase classname="Poola_test.TestScenario_3" name="TestScenario3" time="26.394"/>
  <system-out/>
</testsuite> <!-- Poola_test.TestScenario_3 -->
